22:31:14.585 [NamespaceSystem-akka.actor.default-dispatcher-4] INFO akka.event.slf4j.Slf4jLogger - Slf4jLogger started
22:31:14.791 [main] INFO com.firebase.server.forge.App$ - Listening at 127.0.0.1:9000
22:31:18.468 [NamespaceSystem-akka.actor.default-dispatcher-4] INFO com.firebase.core.namespace.NamespaceActor - impresa-di-pulizie-default-rtdb successfully activated FBKV (SurveyIdle(0)) wait: 201ms, init: 0ms
22:31:18.660 [NamespaceSystem-blocking-namespace-operation-dispatcher-6] INFO com.firebase.core.namespace.StateManager - Namespace impresa-di-pulizie-default-rtdb status Active to Active
22:31:25.575 [FirebaseWorkerPool-1-3] WARN com.firebase.core.persistence.backend.dummy.EmulatorMetadataPersistence - Multiple projectIds are not recommended in single project mode. Requested 
namespace fake-server, but the emulator is configured for impresa-di-pulizie-default-rtdb. To 
opt-out of single project mode add/set the singleProjectMode: false property in 
the firebase.json emulators config. 
22:31:25.585 [NamespaceSystem-akka.actor.default-dispatcher-4] INFO com.firebase.core.namespace.NamespaceActor - fake-server successfully activated FBKV (SurveyIdle(0)) wait: 4ms, init: 0ms
22:35:12.227 [FirebaseWorkerPool-1-3] WARN com.firebase.core.persistence.backend.dummy.EmulatorMetadataPersistence - Multiple projectIds are not recommended in single project mode. Requested 
namespace impresa-di-pulizie, but the emulator is configured for fake-server,impresa-di-pulizie-default-rtdb. To 
opt-out of single project mode add/set the singleProjectMode: false property in 
the firebase.json emulators config. 
22:35:12.242 [NamespaceSystem-akka.actor.default-dispatcher-13] INFO com.firebase.core.namespace.NamespaceActor - impresa-di-pulizie successfully activated FBKV (SurveyIdle(0)) wait: 8ms, init: 0ms
22:47:56.184 [Thread-0] INFO com.firebase.server.forge.App$ - Attempting graceful shutdown.
22:47:56.230 [NamespaceSystem-akka.actor.default-dispatcher-27] INFO com.firebase.core.namespace.Terminator$Terminator - 3 actors left to terminate: fake-server, impresa-di-pulizie, impresa-di-pulizie-default-rtdb
22:47:56.235 [NamespaceSystem-akka.actor.default-dispatcher-28] INFO com.firebase.core.namespace.NamespaceActor - stopped namespace actor for fake-server
22:47:56.240 [NamespaceSystem-akka.actor.default-dispatcher-28] INFO com.firebase.core.namespace.NamespaceActor - stopped namespace actor for impresa-di-pulizie-default-rtdb
22:47:56.241 [NamespaceSystem-akka.actor.default-dispatcher-27] INFO com.firebase.core.namespace.NamespaceActor - stopped namespace actor for impresa-di-pulizie
22:47:56.245 [Thread-0] INFO com.firebase.server.forge.App$ - Graceful shutdown complete.
